<?xml version="1.0" encoding="UTF-8"?>
<testng-results ignored="0" total="2" passed="0" failed="2" skipped="0">
  <reporter-output>
    <line>
      <![CDATA[<b>INFO: </b>Test case 001: Verify the product information loaded correctly]]>
    </line>
    <line>
      <![CDATA[<b>INFO: </b>Test case 002: Verify user can filter search condition for product]]>
    </line>
    <line>
      <![CDATA[09.26.2022 - 13:41:40 - INFO: Test case 001: Verify the product information loaded correctly]]>
    </line>
    <line>
      <![CDATA[09.26.2022 - 13:41:40 - INFO: Test case 002: Verify user can filter search condition for product]]>
    </line>
    <line>
      <![CDATA[<b>INFO: </b>Step 1: Navigate to "TIKI" website]]>
    </line>
    <line>
      <![CDATA[09.26.2022 - 13:41:40 - INFO: Step 1: Navigate to "TIKI" website]]>
    </line>
    <line>
      <![CDATA[<b>INFO: </b>Step 1: Navigate to "TIKI" website]]>
    </line>
    <line>
      <![CDATA[09.26.2022 - 13:41:40 - INFO: Step 1: Navigate to "TIKI" website]]>
    </line>
    <line>
      <![CDATA[<b>INFO: </b>Step 2: Select left menu]]>
    </line>
    <line>
      <![CDATA[09.26.2022 - 13:41:43 - INFO: Step 2: Select left menu]]>
    </line>
    <line>
      <![CDATA[<b style="color: blue;word-break:break-word;"><i style="color: orange">VERIFY POINT: </i>Verify that: "Tìm sản phẩm ..." textbox is displayed</b>]]>
    </line>
    <line>
      <![CDATA[09.26.2022 - 13:41:44 - VERIFY POINT: Verify that: "Tìm sản phẩm ..." textbox is displayed]]>
    </line>
    <line>
      <![CDATA[<b style="color: blue;word-break:break-word;"><i style="color: orange">VERIFY POINT: </i>"Tìm kiếm" button is displayed</b>]]>
    </line>
    <line>
      <![CDATA[09.26.2022 - 13:41:44 - VERIFY POINT: "Tìm kiếm" button is displayed]]>
    </line>
    <line>
      <![CDATA[<b>INFO: </b>Step 2: On home page, enter value in "Tìm sản phẩm ..." textbox]]>
    </line>
    <line>
      <![CDATA[09.26.2022 - 13:41:44 - INFO: Step 2: On home page, enter value in "Tìm sản phẩm ..." textbox]]>
    </line>
    <line>
      <![CDATA[<b>INFO: </b>Step 3: Click "Tìm kiếm" button]]>
    </line>
    <line>
      <![CDATA[09.26.2022 - 13:41:44 - INFO: Step 3: Click "Tìm kiếm" button]]>
    </line>
    <line>
      <![CDATA[<b style="color: blue;word-break:break-word;"><i style="color: orange">VERIFY POINT: </i>Verify that: Breadcrumb is "Trang chủ > Điện thoại"</b>]]>
    </line>
    <line>
      <![CDATA[09.26.2022 - 13:41:50 - VERIFY POINT: Verify that: Breadcrumb is "Trang chủ > Điện thoại"]]>
    </line>
    <line>
      <![CDATA[<b style="color: blue;word-break:break-word;"><i style="color: orange">VERIFY POINT: </i>Verify that: "Kết quả tìm kiếm cho `Điện thoại`" title is displayed</b>]]>
    </line>
    <line>
      <![CDATA[09.26.2022 - 13:41:51 - VERIFY POINT: Verify that: "Kết quả tìm kiếm cho `Điện thoại`" title is displayed]]>
    </line>
    <line>
      <![CDATA[<b>INFO: </b>Step 4: Select any item from result grid]]>
    </line>
    <line>
      <![CDATA[09.26.2022 - 13:41:51 - INFO: Step 4: Select any item from result grid]]>
    </line>
  </reporter-output>
  <suite started-at="2022-09-26T13:41:37 ICT" name="Suite" finished-at="2022-09-26T13:42:22 ICT" duration-ms="44587">
    <groups>
    </groups>
    <test started-at="2022-09-26T13:41:37 ICT" name="Run Remote Suit Test" finished-at="2022-09-26T13:42:22 ICT" duration-ms="44587">
      <class name="Tiki.TikiTest">
        <test-method is-config="true" signature="beforeMethod(java.lang.String,java.lang.String,org.testng.ITestContext,java.lang.reflect.Method)[pri:0, instance:Tiki.TikiTest@16610890]" started-at="2022-09-26T13:41:37 ICT" name="beforeMethod" finished-at="2022-09-26T13:41:40 ICT" duration-ms="2849" status="PASS">
          <params>
            <param index="0">
              <value>
                <![CDATA[Chrome]]>
              </value>
            </param>
            <param index="1">
              <value>
                <![CDATA[Remote]]>
              </value>
            </param>
            <param index="2">
              <value>
                <![CDATA[org.testng.TestRunner@bff34c6]]>
              </value>
            </param>
            <param index="3">
              <value>
                <![CDATA[public void Tiki.TikiTest.TestCase002()]]>
              </value>
            </param>
          </params>
          <reporter-output>
          </reporter-output>
        </test-method> <!-- beforeMethod -->
        <test-method is-config="true" signature="beforeMethod(java.lang.String,java.lang.String,org.testng.ITestContext,java.lang.reflect.Method)[pri:0, instance:Tiki.TikiTest@16610890]" started-at="2022-09-26T13:41:37 ICT" name="beforeMethod" finished-at="2022-09-26T13:41:40 ICT" duration-ms="2844" status="PASS">
          <params>
            <param index="0">
              <value>
                <![CDATA[Chrome]]>
              </value>
            </param>
            <param index="1">
              <value>
                <![CDATA[Remote]]>
              </value>
            </param>
            <param index="2">
              <value>
                <![CDATA[org.testng.TestRunner@bff34c6]]>
              </value>
            </param>
            <param index="3">
              <value>
                <![CDATA[public void Tiki.TikiTest.TestCase001()]]>
              </value>
            </param>
          </params>
          <reporter-output>
          </reporter-output>
        </test-method> <!-- beforeMethod -->
        <test-method signature="TestCase001()[pri:0, instance:Tiki.TikiTest@16610890]" started-at="2022-09-26T13:41:40 ICT" name="TestCase001" finished-at="2022-09-26T13:42:21 ICT" duration-ms="40971" status="FAIL">
          <exception class="org.openqa.selenium.TimeoutException">
            <message>
              <![CDATA[Expected condition failed: waiting for presence of any elements located by By.xpath: //a[@class='product-item']//div[@class='name']/span (tried for 30 second(s) with 500 milliseconds interval)
Build info: version: '3.141.59', revision: 'e82be7d358', time: '2018-11-14T08:17:03'
System info: host: 'DESKTOP-QOMCG4H', ip: '192.168.1.12', os.name: 'Windows 10', os.arch: 'amd64', os.version: '10.0', java.version: '17.0.3'
Driver info: org.openqa.selenium.remote.RemoteWebDriver
Capabilities {acceptInsecureCerts: false, browserName: chrome, browserVersion: 105.0.5195.127, chrome: {chromedriverVersion: 105.0.5195.52 (412c95e51883..., userDataDir: C:\Users\thang\AppData\Loca...}, goog:chromeOptions: {debuggerAddress: localhost:59387}, javascriptEnabled: true, networkConnectionEnabled: false, pageLoadStrategy: normal, platform: WINDOWS, platformName: WINDOWS, proxy: Proxy(), setWindowRect: true, strictFileInteractability: false, timeouts: {implicit: 0, pageLoad: 300000, script: 30000}, unhandledPromptBehavior: dismiss and notify, webauthn:extension:credBlob: true, webauthn:extension:largeBlob: true, webauthn:virtualAuthenticators: true, webdriver.remote.sessionid: bcf7fad3fb80c4328329fa2fd9a...}
Session ID: bcf7fad3fb80c4328329fa2fd9a10d5c]]>
            </message>
            <full-stacktrace>
              <![CDATA[org.openqa.selenium.TimeoutException: Expected condition failed: waiting for presence of any elements located by By.xpath: //a[@class='product-item']//div[@class='name']/span (tried for 30 second(s) with 500 milliseconds interval)
Build info: version: '3.141.59', revision: 'e82be7d358', time: '2018-11-14T08:17:03'
System info: host: 'DESKTOP-QOMCG4H', ip: '192.168.1.12', os.name: 'Windows 10', os.arch: 'amd64', os.version: '10.0', java.version: '17.0.3'
Driver info: org.openqa.selenium.remote.RemoteWebDriver
Capabilities {acceptInsecureCerts: false, browserName: chrome, browserVersion: 105.0.5195.127, chrome: {chromedriverVersion: 105.0.5195.52 (412c95e51883..., userDataDir: C:\Users\thang\AppData\Loca...}, goog:chromeOptions: {debuggerAddress: localhost:59387}, javascriptEnabled: true, networkConnectionEnabled: false, pageLoadStrategy: normal, platform: WINDOWS, platformName: WINDOWS, proxy: Proxy(), setWindowRect: true, strictFileInteractability: false, timeouts: {implicit: 0, pageLoad: 300000, script: 30000}, unhandledPromptBehavior: dismiss and notify, webauthn:extension:credBlob: true, webauthn:extension:largeBlob: true, webauthn:virtualAuthenticators: true, webdriver.remote.sessionid: bcf7fad3fb80c4328329fa2fd9a...}
Session ID: bcf7fad3fb80c4328329fa2fd9a10d5c
at org.openqa.selenium.support.ui.WebDriverWait.timeoutException(WebDriverWait.java:95)
at org.openqa.selenium.support.ui.FluentWait.until(FluentWait.java:272)
at ElementWrapper.BaseElement.waitForAllElementsPresent(BaseElement.java:98)
at Tiki.ProductSearchPage.getRandomProductInformation(ProductSearchPage.java:44)
at Tiki.TikiTest.TestCase001(TikiTest.java:43)
at java.base/jdk.internal.reflect.NativeMethodAccessorImpl.invoke0(Native Method)
at java.base/jdk.internal.reflect.NativeMethodAccessorImpl.invoke(NativeMethodAccessorImpl.java:77)
at java.base/jdk.internal.reflect.DelegatingMethodAccessorImpl.invoke(DelegatingMethodAccessorImpl.java:43)
at java.base/java.lang.reflect.Method.invoke(Method.java:568)
at org.testng.internal.MethodInvocationHelper.invokeMethod(MethodInvocationHelper.java:133)
at org.testng.internal.TestInvoker.invokeMethod(TestInvoker.java:598)
at org.testng.internal.TestInvoker.invokeTestMethod(TestInvoker.java:173)
at org.testng.internal.MethodRunner.runInSequence(MethodRunner.java:46)
at org.testng.internal.TestInvoker$MethodInvocationAgent.invoke(TestInvoker.java:824)
at org.testng.internal.TestInvoker.invokeTestMethods(TestInvoker.java:146)
at org.testng.internal.TestMethodWorker.invokeTestMethods(TestMethodWorker.java:146)
at org.testng.internal.TestMethodWorker.run(TestMethodWorker.java:128)
at java.base/java.util.concurrent.ThreadPoolExecutor.runWorker(ThreadPoolExecutor.java:1136)
at java.base/java.util.concurrent.ThreadPoolExecutor$Worker.run(ThreadPoolExecutor.java:635)
at java.base/java.lang.Thread.run(Thread.java:833)
]]>
            </full-stacktrace>
          </exception> <!-- org.openqa.selenium.TimeoutException -->
          <reporter-output>
            <line>
              <![CDATA[<b>INFO: </b>Test case 001: Verify the product information loaded correctly]]>
            </line>
            <line>
              <![CDATA[09.26.2022 - 13:41:40 - INFO: Test case 001: Verify the product information loaded correctly]]>
            </line>
            <line>
              <![CDATA[<b>INFO: </b>Step 1: Navigate to "TIKI" website]]>
            </line>
            <line>
              <![CDATA[09.26.2022 - 13:41:40 - INFO: Step 1: Navigate to "TIKI" website]]>
            </line>
            <line>
              <![CDATA[<b style="color: blue;word-break:break-word;"><i style="color: orange">VERIFY POINT: </i>Verify that: "Tìm sản phẩm ..." textbox is displayed</b>]]>
            </line>
            <line>
              <![CDATA[09.26.2022 - 13:41:44 - VERIFY POINT: Verify that: "Tìm sản phẩm ..." textbox is displayed]]>
            </line>
            <line>
              <![CDATA[<b style="color: blue;word-break:break-word;"><i style="color: orange">VERIFY POINT: </i>"Tìm kiếm" button is displayed</b>]]>
            </line>
            <line>
              <![CDATA[09.26.2022 - 13:41:44 - VERIFY POINT: "Tìm kiếm" button is displayed]]>
            </line>
            <line>
              <![CDATA[<b>INFO: </b>Step 2: On home page, enter value in "Tìm sản phẩm ..." textbox]]>
            </line>
            <line>
              <![CDATA[09.26.2022 - 13:41:44 - INFO: Step 2: On home page, enter value in "Tìm sản phẩm ..." textbox]]>
            </line>
            <line>
              <![CDATA[<b>INFO: </b>Step 3: Click "Tìm kiếm" button]]>
            </line>
            <line>
              <![CDATA[09.26.2022 - 13:41:44 - INFO: Step 3: Click "Tìm kiếm" button]]>
            </line>
            <line>
              <![CDATA[<b style="color: blue;word-break:break-word;"><i style="color: orange">VERIFY POINT: </i>Verify that: Breadcrumb is "Trang chủ > Điện thoại"</b>]]>
            </line>
            <line>
              <![CDATA[09.26.2022 - 13:41:50 - VERIFY POINT: Verify that: Breadcrumb is "Trang chủ > Điện thoại"]]>
            </line>
            <line>
              <![CDATA[<b style="color: blue;word-break:break-word;"><i style="color: orange">VERIFY POINT: </i>Verify that: "Kết quả tìm kiếm cho `Điện thoại`" title is displayed</b>]]>
            </line>
            <line>
              <![CDATA[09.26.2022 - 13:41:51 - VERIFY POINT: Verify that: "Kết quả tìm kiếm cho `Điện thoại`" title is displayed]]>
            </line>
            <line>
              <![CDATA[<b>INFO: </b>Step 4: Select any item from result grid]]>
            </line>
            <line>
              <![CDATA[09.26.2022 - 13:41:51 - INFO: Step 4: Select any item from result grid]]>
            </line>
          </reporter-output>
        </test-method> <!-- TestCase001 -->
        <test-method signature="TestCase002()[pri:0, instance:Tiki.TikiTest@16610890]" started-at="2022-09-26T13:41:40 ICT" name="TestCase002" finished-at="2022-09-26T13:42:14 ICT" duration-ms="33801" status="FAIL">
          <exception class="org.openqa.selenium.TimeoutException">
            <message>
              <![CDATA[Expected condition failed: waiting for element to be clickable: By.xpath: //a[@class='Menu-button'] (tried for 30 second(s) with 500 milliseconds interval)]]>
            </message>
            <full-stacktrace>
              <![CDATA[org.openqa.selenium.TimeoutException: Expected condition failed: waiting for element to be clickable: By.xpath: //a[@class='Menu-button'] (tried for 30 second(s) with 500 milliseconds interval)
at org.openqa.selenium.support.ui.WebDriverWait.timeoutException(WebDriverWait.java:95)
at org.openqa.selenium.support.ui.FluentWait.until(FluentWait.java:272)
at ElementWrapper.BaseElement.waitForClickable(BaseElement.java:110)
at ElementWrapper.Element.click(Element.java:44)
at Tiki.GeneralPage.selectMenuItem(GeneralPage.java:66)
at Tiki.TikiTest.TestCase002(TikiTest.java:59)
at java.base/jdk.internal.reflect.NativeMethodAccessorImpl.invoke0(Native Method)
at java.base/jdk.internal.reflect.NativeMethodAccessorImpl.invoke(NativeMethodAccessorImpl.java:77)
at java.base/jdk.internal.reflect.DelegatingMethodAccessorImpl.invoke(DelegatingMethodAccessorImpl.java:43)
at java.base/java.lang.reflect.Method.invoke(Method.java:568)
at org.testng.internal.MethodInvocationHelper.invokeMethod(MethodInvocationHelper.java:133)
at org.testng.internal.TestInvoker.invokeMethod(TestInvoker.java:598)
at org.testng.internal.TestInvoker.invokeTestMethod(TestInvoker.java:173)
at org.testng.internal.MethodRunner.runInSequence(MethodRunner.java:46)
at org.testng.internal.TestInvoker$MethodInvocationAgent.invoke(TestInvoker.java:824)
at org.testng.internal.TestInvoker.invokeTestMethods(TestInvoker.java:146)
at org.testng.internal.TestMethodWorker.invokeTestMethods(TestMethodWorker.java:146)
at org.testng.internal.TestMethodWorker.run(TestMethodWorker.java:128)
at java.base/java.util.concurrent.ThreadPoolExecutor.runWorker(ThreadPoolExecutor.java:1136)
at java.base/java.util.concurrent.ThreadPoolExecutor$Worker.run(ThreadPoolExecutor.java:635)
at java.base/java.lang.Thread.run(Thread.java:833)
Caused by: org.openqa.selenium.NoSuchElementException: no such element: Unable to locate element: {"method":"xpath","selector":"//a[@class='Menu-button']"}
  (Session info: chrome=105.0.5195.127)
For documentation on this error, please visit: https://www.seleniumhq.org/exceptions/no_such_element.html
Build info: version: '3.141.59', revision: 'e82be7d358', time: '2018-11-14T08:17:03'
System info: host: 'DESKTOP-QOMCG4H', ip: '192.168.1.12', os.name: 'Windows 10', os.arch: 'amd64', os.version: '10.0', java.version: '17.0.3'
Driver info: org.openqa.selenium.remote.RemoteWebDriver
Capabilities {acceptInsecureCerts: false, browserName: chrome, browserVersion: 105.0.5195.127, chrome: {chromedriverVersion: 105.0.5195.52 (412c95e51883..., userDataDir: C:\Users\thang\AppData\Loca...}, goog:chromeOptions: {debuggerAddress: localhost:59397}, javascriptEnabled: true, networkConnectionEnabled: false, pageLoadStrategy: normal, platform: WINDOWS, platformName: WINDOWS, proxy: Proxy(), setWindowRect: true, strictFileInteractability: false, timeouts: {implicit: 0, pageLoad: 300000, script: 30000}, unhandledPromptBehavior: dismiss and notify, webauthn:extension:credBlob: true, webauthn:extension:largeBlob: true, webauthn:virtualAuthenticators: true, webdriver.remote.sessionid: 4aa7bbb4e62f6770310dc166aed...}
Session ID: 4aa7bbb4e62f6770310dc166aed54be4
*** Element info: {Using=xpath, value=//a[@class='Menu-button']}
at jdk.internal.reflect.GeneratedConstructorAccessor10.newInstance(Unknown Source)
at java.base/jdk.internal.reflect.DelegatingConstructorAccessorImpl.newInstance(DelegatingConstructorAccessorImpl.java:45)
at java.base/java.lang.reflect.Constructor.newInstanceWithCaller(Constructor.java:499)
at java.base/java.lang.reflect.Constructor.newInstance(Constructor.java:480)
at org.openqa.selenium.remote.http.W3CHttpResponseCodec.createException(W3CHttpResponseCodec.java:187)
at org.openqa.selenium.remote.http.W3CHttpResponseCodec.decode(W3CHttpResponseCodec.java:122)
at org.openqa.selenium.remote.http.W3CHttpResponseCodec.decode(W3CHttpResponseCodec.java:49)
at org.openqa.selenium.remote.HttpCommandExecutor.execute(HttpCommandExecutor.java:158)
at org.openqa.selenium.remote.RemoteWebDriver.execute(RemoteWebDriver.java:552)
at org.openqa.selenium.remote.RemoteWebDriver.findElement(RemoteWebDriver.java:323)
at org.openqa.selenium.remote.RemoteWebDriver.findElementByXPath(RemoteWebDriver.java:428)
at org.openqa.selenium.By$ByXPath.findElement(By.java:353)
at org.openqa.selenium.remote.RemoteWebDriver.findElement(RemoteWebDriver.java:315)
at org.openqa.selenium.support.ui.ExpectedConditions$7.apply(ExpectedConditions.java:205)
at org.openqa.selenium.support.ui.ExpectedConditions$7.apply(ExpectedConditions.java:201)
at org.openqa.selenium.support.ui.ExpectedConditions$22.apply(ExpectedConditions.java:641)
at org.openqa.selenium.support.ui.ExpectedConditions$22.apply(ExpectedConditions.java:638)
at org.openqa.selenium.support.ui.FluentWait.until(FluentWait.java:249)
... 19 more
]]>
            </full-stacktrace>
          </exception> <!-- org.openqa.selenium.TimeoutException -->
          <reporter-output>
            <line>
              <![CDATA[<b>INFO: </b>Test case 002: Verify user can filter search condition for product]]>
            </line>
            <line>
              <![CDATA[09.26.2022 - 13:41:40 - INFO: Test case 002: Verify user can filter search condition for product]]>
            </line>
            <line>
              <![CDATA[<b>INFO: </b>Step 1: Navigate to "TIKI" website]]>
            </line>
            <line>
              <![CDATA[09.26.2022 - 13:41:40 - INFO: Step 1: Navigate to "TIKI" website]]>
            </line>
            <line>
              <![CDATA[<b>INFO: </b>Step 2: Select left menu]]>
            </line>
            <line>
              <![CDATA[09.26.2022 - 13:41:43 - INFO: Step 2: Select left menu]]>
            </line>
          </reporter-output>
        </test-method> <!-- TestCase002 -->
        <test-method is-config="true" signature="afterMethod()[pri:0, instance:Tiki.TikiTest@16610890]" started-at="2022-09-26T13:42:15 ICT" name="afterMethod" finished-at="2022-09-26T13:42:15 ICT" duration-ms="70" status="PASS">
          <reporter-output>
          </reporter-output>
        </test-method> <!-- afterMethod -->
        <test-method is-config="true" signature="afterMethod()[pri:0, instance:Tiki.TikiTest@16610890]" started-at="2022-09-26T13:42:21 ICT" name="afterMethod" finished-at="2022-09-26T13:42:22 ICT" duration-ms="71" status="PASS">
          <reporter-output>
          </reporter-output>
        </test-method> <!-- afterMethod -->
      </class> <!-- Tiki.TikiTest -->
    </test> <!-- Run Remote Suit Test -->
  </suite> <!-- Suite -->
</testng-results>
